{"D:\\Armstrong\\level-4-week-16\\Section3\\jest-demo\\3.4\\app.js": {"path":"D:\\Armstrong\\level-4-week-16\\Section3\\jest-demo\\3.4\\app.js","statementMap":{"0":{"start":{"line":1,"column":0},"end":{"line":1,"column":27}},"1":{"start":{"line":3,"column":16},"end":{"line":3,"column":34}},"2":{"start":{"line":4,"column":18},"end":{"line":4,"column":40}},"3":{"start":{"line":5,"column":22},"end":{"line":5,"column":56}},"4":{"start":{"line":9,"column":12},"end":{"line":9,"column":21}},"5":{"start":{"line":10,"column":0},"end":{"line":10,"column":24}},"6":{"start":{"line":12,"column":0},"end":{"line":12,"column":36}},"7":{"start":{"line":14,"column":0},"end":{"line":18,"column":1}},"8":{"start":{"line":15,"column":4},"end":{"line":17,"column":7}},"9":{"start":{"line":16,"column":8},"end":{"line":16,"column":66}},"10":{"start":{"line":20,"column":0},"end":{"line":20,"column":25}}},"fnMap":{"0":{"name":"(anonymous_0)","decl":{"start":{"line":15,"column":33},"end":{"line":15,"column":34}},"loc":{"start":{"line":15,"column":39},"end":{"line":17,"column":5}},"line":15}},"branchMap":{"0":{"loc":{"start":{"line":14,"column":0},"end":{"line":18,"column":1}},"type":"if","locations":[{"start":{"line":14,"column":0},"end":{"line":18,"column":1}},{"start":{},"end":{}}],"line":14}},"s":{"0":1,"1":1,"2":1,"3":1,"4":1,"5":1,"6":1,"7":1,"8":0,"9":0,"10":1},"f":{"0":0},"b":{"0":[0,1]},"_coverageSchema":"1a1c01bbd47fc00a2c39e90264f33305004495a9","hash":"f940d4efe2d385d0dbe43b0e471771b0acc14b58"}
,"D:\\Armstrong\\level-4-week-16\\Section3\\jest-demo\\3.4\\config\\db.js": {"path":"D:\\Armstrong\\level-4-week-16\\Section3\\jest-demo\\3.4\\config\\db.js","statementMap":{"0":{"start":{"line":1,"column":17},"end":{"line":1,"column":36}},"1":{"start":{"line":3,"column":18},"end":{"line":7,"column":1}},"2":{"start":{"line":4,"column":22},"end":{"line":4,"column":43}},"3":{"start":{"line":5,"column":4},"end":{"line":5,"column":38}},"4":{"start":{"line":6,"column":4},"end":{"line":6,"column":37}},"5":{"start":{"line":9,"column":0},"end":{"line":9,"column":27}}},"fnMap":{"0":{"name":"(anonymous_0)","decl":{"start":{"line":3,"column":18},"end":{"line":3,"column":19}},"loc":{"start":{"line":3,"column":30},"end":{"line":7,"column":1}},"line":3}},"branchMap":{},"s":{"0":1,"1":1,"2":0,"3":0,"4":0,"5":1},"f":{"0":0},"b":{},"_coverageSchema":"1a1c01bbd47fc00a2c39e90264f33305004495a9","hash":"56e43fb48a91183e78494c4b902650ff03b91a22"}
,"D:\\Armstrong\\level-4-week-16\\Section3\\jest-demo\\3.4\\controllers\\product.controller.js": {"path":"D:\\Armstrong\\level-4-week-16\\Section3\\jest-demo\\3.4\\controllers\\product.controller.js","statementMap":{"0":{"start":{"line":1,"column":16},"end":{"line":1,"column":50}},"1":{"start":{"line":3,"column":0},"end":{"line":10,"column":2}},"2":{"start":{"line":4,"column":4},"end":{"line":9,"column":5}},"3":{"start":{"line":5,"column":25},"end":{"line":5,"column":45}},"4":{"start":{"line":6,"column":8},"end":{"line":6,"column":49}},"5":{"start":{"line":8,"column":8},"end":{"line":8,"column":58}},"6":{"start":{"line":12,"column":0},"end":{"line":25,"column":2}},"7":{"start":{"line":13,"column":4},"end":{"line":24,"column":5}},"8":{"start":{"line":14,"column":33},"end":{"line":14,"column":41}},"9":{"start":{"line":16,"column":8},"end":{"line":18,"column":9}},"10":{"start":{"line":17,"column":12},"end":{"line":17,"column":85}},"11":{"start":{"line":20,"column":24},"end":{"line":20,"column":62}},"12":{"start":{"line":21,"column":8},"end":{"line":21,"column":48}},"13":{"start":{"line":23,"column":8},"end":{"line":23,"column":58}}},"fnMap":{"0":{"name":"(anonymous_0)","decl":{"start":{"line":3,"column":22},"end":{"line":3,"column":23}},"loc":{"start":{"line":3,"column":42},"end":{"line":10,"column":1}},"line":3},"1":{"name":"(anonymous_1)","decl":{"start":{"line":12,"column":24},"end":{"line":12,"column":25}},"loc":{"start":{"line":12,"column":44},"end":{"line":25,"column":1}},"line":12}},"branchMap":{"0":{"loc":{"start":{"line":16,"column":8},"end":{"line":18,"column":9}},"type":"if","locations":[{"start":{"line":16,"column":8},"end":{"line":18,"column":9}},{"start":{},"end":{}}],"line":16},"1":{"loc":{"start":{"line":16,"column":12},"end":{"line":16,"column":41}},"type":"binary-expr","locations":[{"start":{"line":16,"column":12},"end":{"line":16,"column":18}},{"start":{"line":16,"column":22},"end":{"line":16,"column":41}}],"line":16}},"s":{"0":1,"1":1,"2":1,"3":1,"4":1,"5":0,"6":1,"7":2,"8":2,"9":2,"10":1,"11":1,"12":1,"13":0},"f":{"0":1,"1":2},"b":{"0":[1,1],"1":[2,2]},"_coverageSchema":"1a1c01bbd47fc00a2c39e90264f33305004495a9","hash":"afb78f948c47a3a62dda7416c35bc4cd04debc2a"}
,"D:\\Armstrong\\level-4-week-16\\Section3\\jest-demo\\3.4\\models\\product.model.js": {"path":"D:\\Armstrong\\level-4-week-16\\Section3\\jest-demo\\3.4\\models\\product.model.js","statementMap":{"0":{"start":{"line":1,"column":17},"end":{"line":1,"column":36}},"1":{"start":{"line":3,"column":22},"end":{"line":6,"column":2}},"2":{"start":{"line":8,"column":0},"end":{"line":8,"column":58}}},"fnMap":{},"branchMap":{},"s":{"0":1,"1":1,"2":1},"f":{},"b":{},"_coverageSchema":"1a1c01bbd47fc00a2c39e90264f33305004495a9","hash":"60a3b5f7c08b0b6963e779de8340f6e5e68b0a23"}
,"D:\\Armstrong\\level-4-week-16\\Section3\\jest-demo\\3.4\\routes\\product.routes.js": {"path":"D:\\Armstrong\\level-4-week-16\\Section3\\jest-demo\\3.4\\routes\\product.routes.js","statementMap":{"0":{"start":{"line":1,"column":16},"end":{"line":1,"column":34}},"1":{"start":{"line":2,"column":15},"end":{"line":2,"column":31}},"2":{"start":{"line":3,"column":26},"end":{"line":3,"column":70}},"3":{"start":{"line":5,"column":0},"end":{"line":5,"column":47}},"4":{"start":{"line":6,"column":0},"end":{"line":6,"column":50}},"5":{"start":{"line":8,"column":0},"end":{"line":8,"column":24}}},"fnMap":{},"branchMap":{},"s":{"0":1,"1":1,"2":1,"3":1,"4":1,"5":1},"f":{},"b":{},"_coverageSchema":"1a1c01bbd47fc00a2c39e90264f33305004495a9","hash":"716fdc778e8eb0b646fb21e0a12a253b9fe104c5"}
}
